2026.06.11 20:55:57 INFO  Started: Metals version 1.6.7 in folders '/home/udar/43602DTU' for client Visual Studio Code 1.123.2.[0m
2026.06.11 20:55:57 INFO  Memory monitor started[0m
2026.06.11 20:56:01 WARN  Using H2 2.4.240 which is newer than the version Flyway has been verified with. The latest verified version of H2 is 2.3.232.[0m
2026.06.11 20:56:01 INFO  no build target found for /home/udar/43602DTU/Chisel/src/main/scala/Functions.scala. Using presentation compiler with project's scala-library version: 3.3.7[0m
2026.06.11 20:56:02 WARN  no build target for: /home/udar/43602DTU/Chisel/src/main/scala/Functions.scala[0m
2026.06.11 20:56:02 INFO  no build target found for /home/udar/43602DTU/Chisel/src/main/scala/Functions.scala. Using presentation compiler with project's scala-library version: 3.3.7[0m
2026.06.11 20:56:02 INFO  no build target found for /home/udar/43602DTU/Chisel/src/main/scala/Functions.scala. Using presentation compiler with project's scala-library version: 3.3.7[0m
Jun 11, 2026 8:56:02 PM org.eclipse.lsp4j.jsonrpc.RemoteEndpoint handleCancellation
WARNING: Unmatched cancel notification for request id 2
Jun 11, 2026 8:56:02 PM org.eclipse.lsp4j.jsonrpc.RemoteEndpoint handleCancellation
WARNING: Unmatched cancel notification for request id 1
Jun 11, 2026 8:56:02 PM org.eclipse.lsp4j.jsonrpc.RemoteEndpoint handleCancellation
WARNING: Unmatched cancel notification for request id 3
2026.06.11 20:56:01 INFO  no build target found for /home/udar/43602DTU/Chisel/src/main/scala/MotorDriver.scala. Using presentation compiler with project's scala-library version: 3.3.7[0m
2026.06.11 20:56:02 INFO  no build target found for /home/udar/43602DTU/Chisel/src/main/scala/MotorDriver.scala. Using presentation compiler with project's scala-library version: 3.3.7[0m
2026.06.11 20:56:02 INFO  no build target found for /home/udar/43602DTU/Chisel/src/main/scala/MotorDriver.scala. Using presentation compiler with project's scala-library version: 3.3.7[0m
Jun 11, 2026 8:56:02 PM org.eclipse.lsp4j.jsonrpc.RemoteEndpoint handleCancellation
WARNING: Unmatched cancel notification for request id 8
Jun 11, 2026 8:56:02 PM org.eclipse.lsp4j.jsonrpc.RemoteEndpoint handleCancellation
WARNING: Unmatched cancel notification for request id 9
2026.06.11 20:56:02 INFO  no build target found for /home/udar/43602DTU/Chisel/src/main/scala/MotorDriver.scala. Using presentation compiler with project's scala-library version: 3.3.7[0m
2026.06.11 20:56:05 INFO  no build target found for /home/udar/43602DTU/Chisel/src/main/scala/MotorDriver.scala. Using presentation compiler with project's scala-library version: 3.3.7[0m
2026.06.11 20:56:17 INFO  no build target found for /home/udar/43602DTU/Chisel/src/main/scala/Functions.scala. Using presentation compiler with project's scala-library version: 3.3.7[0m
2026.06.11 20:56:17 WARN  no build target for: /home/udar/43602DTU/Chisel/src/main/scala/Functions.scala[0m
2026.06.11 20:56:17 INFO  no build target found for /home/udar/43602DTU/Chisel/src/main/scala/Functions.scala. Using presentation compiler with project's scala-library version: 3.3.7[0m
Jun 11, 2026 8:56:17 PM org.eclipse.lsp4j.jsonrpc.RemoteEndpoint handleCancellation
WARNING: Unmatched cancel notification for request id 19
2026.06.11 20:56:17 INFO  no build target found for /home/udar/43602DTU/Chisel/src/main/scala/Functions.scala. Using presentation compiler with project's scala-library version: 3.3.7[0m
2026.06.11 20:56:17 INFO  no build target found for /home/udar/43602DTU/Chisel/src/main/scala/Functions.scala. Using presentation compiler with project's scala-library version: 3.3.7[0m
2026.06.11 20:56:18 INFO  no build target found for /home/udar/43602DTU/Chisel/src/main/scala/Functions.scala. Using presentation compiler with project's scala-library version: 3.3.7[0m
2026.06.11 20:56:27 INFO  no build target found for /home/udar/43602DTU/Chisel/src/main/scala/Functions.scala. Using presentation compiler with project's scala-library version: 3.3.7[0m
2026.06.11 20:56:29 INFO  no build target found for /home/udar/43602DTU/Chisel/src/main/scala/Functions.scala. Using presentation compiler with project's scala-library version: 3.3.7[0m
2026.06.11 20:56:29 INFO  no build target found for /home/udar/43602DTU/Chisel/src/main/scala/Functions.scala. Using presentation compiler with project's scala-library version: 3.3.7[0m
2026.06.11 20:56:31 INFO  no build target found for /home/udar/43602DTU/Chisel/src/main/scala/Functions.scala. Using presentation compiler with project's scala-library version: 3.3.7[0m
2026.06.11 20:56:37 INFO  no build target found for /home/udar/43602DTU/Chisel/src/main/scala/Functions.scala. Using presentation compiler with project's scala-library version: 3.3.7[0m
2026.06.11 20:56:38 INFO  no build target found for /home/udar/43602DTU/Chisel/src/main/scala/Functions.scala. Using presentation compiler with project's scala-library version: 3.3.7[0m
2026.06.11 20:56:38 INFO  no build target found for /home/udar/43602DTU/Chisel/src/main/scala/Functions.scala. Using presentation compiler with project's scala-library version: 3.3.7[0m
2026.06.11 20:56:39 INFO  no build target found for /home/udar/43602DTU/Chisel/src/main/scala/Functions.scala. Using presentation compiler with project's scala-library version: 3.3.7[0m
2026.06.11 20:56:39 INFO  no build target found for /home/udar/43602DTU/Chisel/src/main/scala/Functions.scala. Using presentation compiler with project's scala-library version: 3.3.7[0m
2026.06.11 20:56:39 INFO  no build target found for /home/udar/43602DTU/Chisel/src/main/scala/Functions.scala. Using presentation compiler with project's scala-library version: 3.3.7[0m
2026.06.11 20:56:40 WARN  no build target for: /home/udar/43602DTU/Chisel/src/main/scala/Functions.scala[0m
2026.06.11 20:56:40 INFO  no build target found for /home/udar/43602DTU/Chisel/src/main/scala/Functions.scala. Using presentation compiler with project's scala-library version: 3.3.7[0m
2026.06.11 20:56:40 INFO  no build target found for /home/udar/43602DTU/Chisel/src/main/scala/Functions.scala. Using presentation compiler with project's scala-library version: 3.3.7[0m
2026.06.11 20:56:42 INFO  no build target found for /home/udar/43602DTU/Chisel/src/main/scala/Functions.scala. Using presentation compiler with project's scala-library version: 3.3.7[0m
2026.06.11 20:56:42 INFO  no build target found for /home/udar/43602DTU/Chisel/src/main/scala/Functions.scala. Using presentation compiler with project's scala-library version: 3.3.7[0m
2026.06.11 20:56:42 INFO  no build target found for /home/udar/43602DTU/Chisel/src/main/scala/Functions.scala. Using presentation compiler with project's scala-library version: 3.3.7[0m
2026.06.11 20:56:42 INFO  no build target found for /home/udar/43602DTU/Chisel/src/main/scala/Functions.scala. Using presentation compiler with project's scala-library version: 3.3.7[0m
2026.06.11 20:56:42 INFO  no build target found for /home/udar/43602DTU/Chisel/src/main/scala/Functions.scala. Using presentation compiler with project's scala-library version: 3.3.7[0m
2026.06.11 20:56:44 INFO  no build target found for /home/udar/43602DTU/Chisel/src/main/scala/Functions.scala. Using presentation compiler with project's scala-library version: 3.3.7[0m
2026.06.11 20:56:44 INFO  no build target found for /home/udar/43602DTU/Chisel/src/main/scala/Functions.scala. Using presentation compiler with project's scala-library version: 3.3.7[0m
2026.06.11 20:56:44 INFO  no build target found for /home/udar/43602DTU/Chisel/src/main/scala/Functions.scala. Using presentation compiler with project's scala-library version: 3.3.7[0m
2026.06.11 20:56:45 WARN  no build target for: /home/udar/43602DTU/Chisel/src/main/scala/Functions.scala[0m
2026.06.11 20:56:45 INFO  no build target found for /home/udar/43602DTU/Chisel/src/main/scala/Functions.scala. Using presentation compiler with project's scala-library version: 3.3.7[0m
2026.06.11 20:56:45 INFO  no build target found for /home/udar/43602DTU/Chisel/src/main/scala/Functions.scala. Using presentation compiler with project's scala-library version: 3.3.7[0m
2026.06.11 20:56:45 INFO  no build target found for /home/udar/43602DTU/Chisel/src/main/scala/Functions.scala. Using presentation compiler with project's scala-library version: 3.3.7[0m
2026.06.11 20:56:45 INFO  no build target found for /home/udar/43602DTU/Chisel/src/main/scala/Functions.scala. Using presentation compiler with project's scala-library version: 3.3.7[0m
2026.06.11 20:56:45 INFO  no build target found for /home/udar/43602DTU/Chisel/src/main/scala/Functions.scala. Using presentation compiler with project's scala-library version: 3.3.7[0m
2026.06.11 20:56:45 INFO  no build target found for /home/udar/43602DTU/Chisel/src/main/scala/Functions.scala. Using presentation compiler with project's scala-library version: 3.3.7[0m
2026.06.11 20:56:45 INFO  no build target found for /home/udar/43602DTU/Chisel/src/main/scala/Functions.scala. Using presentation compiler with project's scala-library version: 3.3.7[0m
2026.06.11 20:56:46 INFO  no build target found for /home/udar/43602DTU/Chisel/src/main/scala/Functions.scala. Using presentation compiler with project's scala-library version: 3.3.7[0m
2026.06.11 20:56:46 INFO  no build target found for /home/udar/43602DTU/Chisel/src/main/scala/Functions.scala. Using presentation compiler with project's scala-library version: 3.3.7[0m
2026.06.11 20:56:46 INFO  no build target found for /home/udar/43602DTU/Chisel/src/main/scala/Functions.scala. Using presentation compiler with project's scala-library version: 3.3.7[0m
2026.06.11 20:56:46 WARN  no build target for: /home/udar/43602DTU/Chisel/src/main/scala/Functions.scala[0m
2026.06.11 20:56:46 INFO  no build target found for /home/udar/43602DTU/Chisel/src/main/scala/Functions.scala. Using presentation compiler with project's scala-library version: 3.3.7[0m
2026.06.11 20:56:46 INFO  no build target found for /home/udar/43602DTU/Chisel/src/main/scala/Functions.scala. Using presentation compiler with project's scala-library version: 3.3.7[0m
2026.06.11 20:56:46 INFO  no build target found for /home/udar/43602DTU/Chisel/src/main/scala/Functions.scala. Using presentation compiler with project's scala-library version: 3.3.7[0m
2026.06.11 20:56:47 WARN  no build target for: /home/udar/43602DTU/Chisel/src/main/scala/Functions.scala[0m
2026.06.11 20:56:47 INFO  no build target found for /home/udar/43602DTU/Chisel/src/main/scala/Functions.scala. Using presentation compiler with project's scala-library version: 3.3.7[0m
2026.06.11 20:56:47 INFO  no build target found for /home/udar/43602DTU/Chisel/src/main/scala/Functions.scala. Using presentation compiler with project's scala-library version: 3.3.7[0m
2026.06.11 20:56:57 INFO  no build target found for /home/udar/43602DTU/Chisel/src/main/scala/MotorDriver.scala. Using presentation compiler with project's scala-library version: 3.3.7[0m
2026.06.11 20:56:57 WARN  no build target for: /home/udar/43602DTU/Chisel/src/main/scala/MotorDriver.scala[0m
2026.06.11 20:56:57 INFO  no build target found for /home/udar/43602DTU/Chisel/src/main/scala/MotorDriver.scala. Using presentation compiler with project's scala-library version: 3.3.7[0m
2026.06.11 20:56:57 INFO  no build target found for /home/udar/43602DTU/Chisel/src/main/scala/MotorDriver.scala. Using presentation compiler with project's scala-library version: 3.3.7[0m
2026.06.11 20:56:57 INFO  no build target found for /home/udar/43602DTU/Chisel/src/main/scala/MotorDriver.scala. Using presentation compiler with project's scala-library version: 3.3.7[0m
2026.06.11 20:57:00 INFO  no build target found for /home/udar/43602DTU/Chisel/src/main/scala/MotorDriver.scala. Using presentation compiler with project's scala-library version: 3.3.7[0m
2026.06.11 20:57:00 INFO  no build target found for /home/udar/43602DTU/Chisel/src/main/scala/MotorDriver.scala. Using presentation compiler with project's scala-library version: 3.3.7[0m
2026.06.11 20:57:02 INFO  no build target found for /home/udar/43602DTU/Chisel/src/main/scala/MotorDriver.scala. Using presentation compiler with project's scala-library version: 3.3.7[0m
2026.06.11 20:57:12 INFO  no build target found for /home/udar/43602DTU/Chisel/src/main/scala/MotorDriver.scala. Using presentation compiler with project's scala-library version: 3.3.7[0m
2026.06.11 20:57:14 INFO  no build target found for /home/udar/43602DTU/Chisel/src/main/scala/MotorDriver.scala. Using presentation compiler with project's scala-library version: 3.3.7[0m
2026.06.11 20:57:14 INFO  no build target found for /home/udar/43602DTU/Chisel/src/main/scala/MotorDriver.scala. Using presentation compiler with project's scala-library version: 3.3.7[0m
2026.06.11 20:57:14 INFO  no build target found for /home/udar/43602DTU/Chisel/src/main/scala/MotorDriver.scala. Using presentation compiler with project's scala-library version: 3.3.7[0m
2026.06.11 20:57:14 INFO  no build target found for /home/udar/43602DTU/Chisel/src/main/scala/MotorDriver.scala. Using presentation compiler with project's scala-library version: 3.3.7[0m
2026.06.11 20:57:14 INFO  no build target found for /home/udar/43602DTU/Chisel/src/main/scala/MotorDriver.scala. Using presentation compiler with project's scala-library version: 3.3.7[0m
2026.06.11 20:57:15 INFO  no build target found for /home/udar/43602DTU/Chisel/src/main/scala/MotorDriver.scala. Using presentation compiler with project's scala-library version: 3.3.7[0m
2026.06.11 20:57:15 INFO  no build target found for /home/udar/43602DTU/Chisel/src/main/scala/MotorDriver.scala. Using presentation compiler with project's scala-library version: 3.3.7[0m
2026.06.11 20:57:15 INFO  no build target found for /home/udar/43602DTU/Chisel/src/main/scala/MotorDriver.scala. Using presentation compiler with project's scala-library version: 3.3.7[0m
2026.06.11 20:57:17 INFO  no build target found for /home/udar/43602DTU/Chisel/src/main/scala/MotorDriver.scala. Using presentation compiler with project's scala-library version: 3.3.7[0m
2026.06.11 20:57:17 INFO  no build target found for /home/udar/43602DTU/Chisel/src/main/scala/MotorDriver.scala. Using presentation compiler with project's scala-library version: 3.3.7[0m
2026.06.11 20:57:17 INFO  no build target found for /home/udar/43602DTU/Chisel/src/main/scala/MotorDriver.scala. Using presentation compiler with project's scala-library version: 3.3.7[0m
2026.06.11 20:57:18 WARN  no build target for: /home/udar/43602DTU/Chisel/src/main/scala/MotorDriver.scala[0m
2026.06.11 20:57:18 INFO  no build target found for /home/udar/43602DTU/Chisel/src/main/scala/MotorDriver.scala. Using presentation compiler with project's scala-library version: 3.3.7[0m
2026.06.11 20:57:18 INFO  no build target found for /home/udar/43602DTU/Chisel/src/main/scala/MotorDriver.scala. Using presentation compiler with project's scala-library version: 3.3.7[0m
2026.06.11 20:57:19 INFO  no build target found for /home/udar/43602DTU/Chisel/src/main/scala/MotorDriver.scala. Using presentation compiler with project's scala-library version: 3.3.7[0m
2026.06.11 20:57:19 INFO  no build target found for /home/udar/43602DTU/Chisel/src/main/scala/MotorDriver.scala. Using presentation compiler with project's scala-library version: 3.3.7[0m
2026.06.11 20:57:20 INFO  no build target found for /home/udar/43602DTU/Chisel/src/main/scala/MotorDriver.scala. Using presentation compiler with project's scala-library version: 3.3.7[0m
2026.06.11 20:57:20 INFO  no build target found for /home/udar/43602DTU/Chisel/src/main/scala/MotorDriver.scala. Using presentation compiler with project's scala-library version: 3.3.7[0m
2026.06.11 20:57:21 WARN  no build target for: /home/udar/43602DTU/Chisel/src/main/scala/MotorDriver.scala[0m
2026.06.11 20:57:21 INFO  no build target found for /home/udar/43602DTU/Chisel/src/main/scala/MotorDriver.scala. Using presentation compiler with project's scala-library version: 3.3.7[0m
2026.06.11 20:57:21 INFO  no build target found for /home/udar/43602DTU/Chisel/src/main/scala/MotorDriver.scala. Using presentation compiler with project's scala-library version: 3.3.7[0m
2026.06.11 20:57:21 INFO  no build target found for /home/udar/43602DTU/Chisel/src/main/scala/MotorDriver.scala. Using presentation compiler with project's scala-library version: 3.3.7[0m
2026.06.11 20:57:21 INFO  no build target found for /home/udar/43602DTU/Chisel/src/main/scala/MotorDriver.scala. Using presentation compiler with project's scala-library version: 3.3.7[0m
2026.06.11 20:57:21 INFO  no build target found for /home/udar/43602DTU/Chisel/src/main/scala/MotorDriver.scala. Using presentation compiler with project's scala-library version: 3.3.7[0m
2026.06.11 20:57:23 INFO  no build target found for /home/udar/43602DTU/Chisel/src/main/scala/MotorDriver.scala. Using presentation compiler with project's scala-library version: 3.3.7[0m
2026.06.11 20:57:24 INFO  no build target found for /home/udar/43602DTU/Chisel/src/main/scala/MotorDriver.scala. Using presentation compiler with project's scala-library version: 3.3.7[0m
2026.06.11 20:57:24 WARN  no build target for: /home/udar/43602DTU/Chisel/src/main/scala/MotorDriver.scala[0m
2026.06.11 20:57:24 INFO  no build target found for /home/udar/43602DTU/Chisel/src/main/scala/MotorDriver.scala. Using presentation compiler with project's scala-library version: 3.3.7[0m
2026.06.11 20:57:24 INFO  no build target found for /home/udar/43602DTU/Chisel/src/main/scala/MotorDriver.scala. Using presentation compiler with project's scala-library version: 3.3.7[0m
2026.06.11 20:57:34 INFO  no build target found for /home/udar/43602DTU/Chisel/src/main/scala/MotorDriver.scala. Using presentation compiler with project's scala-library version: 3.3.7[0m
2026.06.11 20:57:34 INFO  no build target found for /home/udar/43602DTU/Chisel/src/main/scala/MotorDriver.scala. Using presentation compiler with project's scala-library version: 3.3.7[0m
2026.06.11 20:57:34 INFO  no build target found for /home/udar/43602DTU/Chisel/src/main/scala/MotorDriver.scala. Using presentation compiler with project's scala-library version: 3.3.7[0m
2026.06.11 20:57:34 INFO  no build target found for /home/udar/43602DTU/Chisel/src/main/scala/MotorDriver.scala. Using presentation compiler with project's scala-library version: 3.3.7[0m
2026.06.11 20:57:35 INFO  no build target found for /home/udar/43602DTU/Chisel/src/main/scala/MotorDriver.scala. Using presentation compiler with project's scala-library version: 3.3.7[0m
2026.06.11 20:57:44 INFO  no build target found for /home/udar/43602DTU/Chisel/src/main/scala/MotorDriver.scala. Using presentation compiler with project's scala-library version: 3.3.7[0m
2026.06.11 20:57:44 INFO  no build target found for /home/udar/43602DTU/Chisel/src/main/scala/MotorDriver.scala. Using presentation compiler with project's scala-library version: 3.3.7[0m
2026.06.11 20:57:44 INFO  no build target found for /home/udar/43602DTU/Chisel/src/main/scala/MotorDriver.scala. Using presentation compiler with project's scala-library version: 3.3.7[0m
2026.06.11 20:57:44 INFO  no build target found for /home/udar/43602DTU/Chisel/src/main/scala/MotorDriver.scala. Using presentation compiler with project's scala-library version: 3.3.7[0m
2026.06.11 20:57:44 INFO  no build target found for /home/udar/43602DTU/Chisel/src/main/scala/MotorDriver.scala. Using presentation compiler with project's scala-library version: 3.3.7[0m
2026.06.11 20:57:45 INFO  no build target found for /home/udar/43602DTU/Chisel/src/main/scala/MotorDriver.scala. Using presentation compiler with project's scala-library version: 3.3.7[0m
2026.06.11 20:57:45 INFO  no build target found for /home/udar/43602DTU/Chisel/src/main/scala/MotorDriver.scala. Using presentation compiler with project's scala-library version: 3.3.7[0m
2026.06.11 20:57:45 INFO  no build target found for /home/udar/43602DTU/Chisel/src/main/scala/MotorDriver.scala. Using presentation compiler with project's scala-library version: 3.3.7[0m
2026.06.11 20:57:46 INFO  no build target found for /home/udar/43602DTU/Chisel/src/main/scala/MotorDriver.scala. Using presentation compiler with project's scala-library version: 3.3.7[0m
2026.06.11 20:57:45 INFO  no build target found for /home/udar/43602DTU/Chisel/src/main/scala/MotorDriver.scala. Using presentation compiler with project's scala-library version: 3.3.7[0m
2026.06.11 20:57:45 INFO  no build target found for /home/udar/43602DTU/Chisel/src/main/scala/MotorDriver.scala. Using presentation compiler with project's scala-library version: 3.3.7[0m
2026.06.11 20:57:45 INFO  no build target found for /home/udar/43602DTU/Chisel/src/main/scala/MotorDriver.scala. Using presentation compiler with project's scala-library version: 3.3.7[0m
2026.06.11 20:57:46 INFO  no build target found for /home/udar/43602DTU/Chisel/src/main/scala/MotorDriver.scala. Using presentation compiler with project's scala-library version: 3.3.7[0m
2026.06.11 20:57:47 INFO  no build target found for /home/udar/43602DTU/Chisel/src/main/scala/MotorDriver.scala. Using presentation compiler with project's scala-library version: 3.3.7[0m
2026.06.11 20:57:46 INFO  no build target found for /home/udar/43602DTU/Chisel/src/main/scala/MotorDriver.scala. Using presentation compiler with project's scala-library version: 3.3.7[0m
2026.06.11 20:57:46 INFO  no build target found for /home/udar/43602DTU/Chisel/src/main/scala/MotorDriver.scala. Using presentation compiler with project's scala-library version: 3.3.7[0m
2026.06.11 20:57:46 INFO  no build target found for /home/udar/43602DTU/Chisel/src/main/scala/MotorDriver.scala. Using presentation compiler with project's scala-library version: 3.3.7[0m
2026.06.11 20:57:47 INFO  no build target found for /home/udar/43602DTU/Chisel/src/main/scala/MotorDriver.scala. Using presentation compiler with project's scala-library version: 3.3.7[0m
2026.06.11 20:57:46 INFO  no build target found for /home/udar/43602DTU/Chisel/src/main/scala/MotorDriver.scala. Using presentation compiler with project's scala-library version: 3.3.7[0m
2026.06.11 20:57:46 INFO  no build target found for /home/udar/43602DTU/Chisel/src/main/scala/MotorDriver.scala. Using presentation compiler with project's scala-library version: 3.3.7[0m
2026.06.11 20:57:48 INFO  no build target found for /home/udar/43602DTU/Chisel/src/main/scala/MotorDriver.scala. Using presentation compiler with project's scala-library version: 3.3.7[0m
2026.06.11 20:57:48 INFO  no build target found for /home/udar/43602DTU/Chisel/src/main/scala/MotorDriver.scala. Using presentation compiler with project's scala-library version: 3.3.7[0m
2026.06.11 20:57:48 INFO  no build target found for /home/udar/43602DTU/Chisel/src/main/scala/MotorDriver.scala. Using presentation compiler with project's scala-library version: 3.3.7[0m
2026.06.11 20:57:49 WARN  no build target for: /home/udar/43602DTU/Chisel/src/main/scala/MotorDriver.scala[0m
2026.06.11 20:57:49 INFO  no build target found for /home/udar/43602DTU/Chisel/src/main/scala/MotorDriver.scala. Using presentation compiler with project's scala-library version: 3.3.7[0m
2026.06.11 20:57:49 INFO  no build target found for /home/udar/43602DTU/Chisel/src/main/scala/MotorDriver.scala. Using presentation compiler with project's scala-library version: 3.3.7[0m
2026.06.11 20:57:49 INFO  no build target found for /home/udar/43602DTU/Chisel/src/main/scala/MotorDriver.scala. Using presentation compiler with project's scala-library version: 3.3.7[0m
2026.06.11 20:57:49 INFO  no build target found for /home/udar/43602DTU/Chisel/src/main/scala/MotorDriver.scala. Using presentation compiler with project's scala-library version: 3.3.7[0m
2026.06.11 20:57:49 INFO  no build target found for /home/udar/43602DTU/Chisel/src/main/scala/MotorDriver.scala. Using presentation compiler with project's scala-library version: 3.3.7[0m
2026.06.11 20:57:49 INFO  no build target found for /home/udar/43602DTU/Chisel/src/main/scala/MotorDriver.scala. Using presentation compiler with project's scala-library version: 3.3.7[0m
2026.06.11 20:57:49 INFO  no build target found for /home/udar/43602DTU/Chisel/src/main/scala/MotorDriver.scala. Using presentation compiler with project's scala-library version: 3.3.7[0m
2026.06.11 20:57:50 WARN  no build target for: /home/udar/43602DTU/Chisel/src/main/scala/MotorDriver.scala[0m
2026.06.11 20:57:50 INFO  no build target found for /home/udar/43602DTU/Chisel/src/main/scala/MotorDriver.scala. Using presentation compiler with project's scala-library version: 3.3.7[0m
2026.06.11 20:57:50 INFO  no build target found for /home/udar/43602DTU/Chisel/src/main/scala/MotorDriver.scala. Using presentation compiler with project's scala-library version: 3.3.7[0m
2026.06.11 20:57:50 INFO  no build target found for /home/udar/43602DTU/Chisel/src/main/scala/MotorDriver.scala. Using presentation compiler with project's scala-library version: 3.3.7[0m
2026.06.11 20:57:50 INFO  no build target found for /home/udar/43602DTU/Chisel/src/main/scala/MotorDriver.scala. Using presentation compiler with project's scala-library version: 3.3.7[0m
2026.06.11 20:57:51 INFO  no build target found for /home/udar/43602DTU/Chisel/src/main/scala/MotorDriver.scala. Using presentation compiler with project's scala-library version: 3.3.7[0m
2026.06.11 20:57:51 WARN  no build target for: /home/udar/43602DTU/Chisel/src/main/scala/MotorDriver.scala[0m
2026.06.11 20:57:51 INFO  no build target found for /home/udar/43602DTU/Chisel/src/main/scala/MotorDriver.scala. Using presentation compiler with project's scala-library version: 3.3.7[0m
2026.06.11 20:57:51 INFO  no build target found for /home/udar/43602DTU/Chisel/src/main/scala/MotorDriver.scala. Using presentation compiler with project's scala-library version: 3.3.7[0m
2026.06.11 20:57:52 INFO  no build target found for /home/udar/43602DTU/Chisel/src/main/scala/MotorDriver.scala. Using presentation compiler with project's scala-library version: 3.3.7[0m
Jun 11, 2026 8:57:57 PM org.eclipse.lsp4j.jsonrpc.services.GenericEndpoint notify
INFO: Unsupported notification method: $/setTrace
2026.06.11 20:57:57 INFO  no build target found for /home/udar/43602DTU/Chisel/src/main/scala/MotorDriver.scala. Using presentation compiler with project's scala-library version: 3.3.7[0m
Jun 11, 2026 8:57:57 PM org.eclipse.lsp4j.jsonrpc.services.GenericEndpoint notify
INFO: Unsupported notification method: $/setTrace
2026.06.11 20:57:57 INFO  no build target found for /home/udar/43602DTU/Chisel/src/main/scala/MotorDriver.scala. Using presentation compiler with project's scala-library version: 3.3.7[0m
2026.06.11 20:58:15 INFO  no build target found for /home/udar/43602DTU/Chisel/src/main/scala/Functions.scala. Using presentation compiler with project's scala-library version: 3.3.7[0m
2026.06.11 20:58:15 WARN  no build target for: /home/udar/43602DTU/Chisel/src/main/scala/Functions.scala[0m
2026.06.11 20:58:15 INFO  no build target found for /home/udar/43602DTU/Chisel/src/main/scala/Functions.scala. Using presentation compiler with project's scala-library version: 3.3.7[0m
2026.06.11 20:58:46 INFO  no build target found for /home/udar/43602DTU/Chisel/src/main/scala/Functions.scala. Using presentation compiler with project's scala-library version: 3.3.7[0m
2026.06.11 20:58:46 INFO  no build target found for /home/udar/43602DTU/Chisel/src/main/scala/Functions.scala. Using presentation compiler with project's scala-library version: 3.3.7[0m
2026.06.11 20:58:48 INFO  no build target found for /home/udar/43602DTU/Chisel/src/main/scala/Functions.scala. Using presentation compiler with project's scala-library version: 3.3.7[0m
2026.06.11 20:58:48 INFO  no build target found for /home/udar/43602DTU/Chisel/src/main/scala/Functions.scala. Using presentation compiler with project's scala-library version: 3.3.7[0m
2026.06.11 20:58:48 INFO  no build target found for /home/udar/43602DTU/Chisel/src/main/scala/Functions.scala. Using presentation compiler with project's scala-library version: 3.3.7[0m
2026.06.11 20:58:51 INFO  no build target found for /home/udar/43602DTU/Chisel/src/main/scala/Functions.scala. Using presentation compiler with project's scala-library version: 3.3.7[0m
2026.06.11 20:58:51 INFO  no build target found for /home/udar/43602DTU/Chisel/src/main/scala/MotorDriver.scala. Using presentation compiler with project's scala-library version: 3.3.7[0m
2026.06.11 20:58:52 WARN  no build target for: /home/udar/43602DTU/Chisel/src/main/scala/MotorDriver.scala[0m
2026.06.11 20:58:52 INFO  no build target found for /home/udar/43602DTU/Chisel/src/main/scala/MotorDriver.scala. Using presentation compiler with project's scala-library version: 3.3.7[0m
2026.06.11 20:58:51 INFO  no build target found for /home/udar/43602DTU/Chisel/src/main/scala/MotorDriver.scala. Using presentation compiler with project's scala-library version: 3.3.7[0m
2026.06.11 20:58:52 INFO  no build target found for /home/udar/43602DTU/Chisel/src/main/scala/MotorDriver.scala. Using presentation compiler with project's scala-library version: 3.3.7[0m
2026.06.11 20:58:54 INFO  no build target found for /home/udar/43602DTU/Chisel/src/main/scala/MotorDriver.scala. Using presentation compiler with project's scala-library version: 3.3.7[0m
2026.06.11 20:58:54 INFO  no build target found for /home/udar/43602DTU/Chisel/src/main/scala/MotorDriver.scala. Using presentation compiler with project's scala-library version: 3.3.7[0m
2026.06.11 20:58:54 INFO  no build target found for /home/udar/43602DTU/Chisel/src/main/scala/MotorDriver.scala. Using presentation compiler with project's scala-library version: 3.3.7[0m
2026.06.11 20:58:54 INFO  no build target found for /home/udar/43602DTU/Chisel/src/main/scala/MotorDriver.scala. Using presentation compiler with project's scala-library version: 3.3.7[0m
2026.06.11 20:58:54 INFO  no build target found for /home/udar/43602DTU/Chisel/src/main/scala/MotorDriver.scala. Using presentation compiler with project's scala-library version: 3.3.7[0m
2026.06.11 20:58:55 INFO  no build target found for /home/udar/43602DTU/Chisel/src/main/scala/MotorDriver.scala. Using presentation compiler with project's scala-library version: 3.3.7[0m
2026.06.11 20:58:55 INFO  no build target found for /home/udar/43602DTU/Chisel/src/main/scala/MotorDriver.scala. Using presentation compiler with project's scala-library version: 3.3.7[0m
2026.06.11 20:58:56 INFO  no build target found for /home/udar/43602DTU/Chisel/src/main/scala/MotorDriver.scala. Using presentation compiler with project's scala-library version: 3.3.7[0m
2026.06.11 20:58:58 INFO  no build target found for /home/udar/43602DTU/Chisel/src/main/scala/MotorDriver.scala. Using presentation compiler with project's scala-library version: 3.3.7[0m
2026.06.11 20:58:58 INFO  no build target found for /home/udar/43602DTU/Chisel/src/main/scala/MotorDriver.scala. Using presentation compiler with project's scala-library version: 3.3.7[0m
2026.06.11 20:58:58 INFO  no build target found for /home/udar/43602DTU/Chisel/src/main/scala/MotorDriver.scala. Using presentation compiler with project's scala-library version: 3.3.7[0m
2026.06.11 20:58:58 INFO  no build target found for /home/udar/43602DTU/Chisel/src/main/scala/MotorDriver.scala. Using presentation compiler with project's scala-library version: 3.3.7[0m
2026.06.11 20:58:58 INFO  no build target found for /home/udar/43602DTU/Chisel/src/main/scala/MotorDriver.scala. Using presentation compiler with project's scala-library version: 3.3.7[0m
2026.06.11 20:58:59 INFO  no build target found for /home/udar/43602DTU/Chisel/src/main/scala/MotorDriver.scala. Using presentation compiler with project's scala-library version: 3.3.7[0m
2026.06.11 20:58:59 WARN  no build target for: /home/udar/43602DTU/Chisel/src/main/scala/MotorDriver.scala[0m
2026.06.11 20:58:59 INFO  no build target found for /home/udar/43602DTU/Chisel/src/main/scala/MotorDriver.scala. Using presentation compiler with project's scala-library version: 3.3.7[0m
2026.06.11 20:58:59 INFO  no build target found for /home/udar/43602DTU/Chisel/src/main/scala/MotorDriver.scala. Using presentation compiler with project's scala-library version: 3.3.7[0m
2026.06.11 20:59:00 INFO  no build target found for /home/udar/43602DTU/Chisel/src/main/scala/MotorDriver.scala. Using presentation compiler with project's scala-library version: 3.3.7[0m
2026.06.11 20:59:00 INFO  no build target found for /home/udar/43602DTU/Chisel/src/main/scala/MotorDriver.scala. Using presentation compiler with project's scala-library version: 3.3.7[0m
2026.06.11 20:59:00 INFO  no build target found for /home/udar/43602DTU/Chisel/src/main/scala/MotorDriver.scala. Using presentation compiler with project's scala-library version: 3.3.7[0m
2026.06.11 20:59:33 INFO  no build target found for /home/udar/43602DTU/Chisel/src/main/scala/MotorDriver.scala. Using presentation compiler with project's scala-library version: 3.3.7[0m
2026.06.11 20:59:33 INFO  no build target found for /home/udar/43602DTU/Chisel/src/main/scala/MotorDriver.scala. Using presentation compiler with project's scala-library version: 3.3.7[0m
2026.06.11 20:59:33 INFO  no build target found for /home/udar/43602DTU/Chisel/src/main/scala/MotorDriver.scala. Using presentation compiler with project's scala-library version: 3.3.7[0m
2026.06.11 20:59:34 INFO  no build target found for /home/udar/43602DTU/Chisel/src/main/scala/MotorDriver.scala. Using presentation compiler with project's scala-library version: 3.3.7[0m
2026.06.11 20:59:47 INFO  no build target found for /home/udar/43602DTU/Chisel/src/main/scala/MotorDriver.scala. Using presentation compiler with project's scala-library version: 3.3.7[0m
2026.06.11 20:59:47 INFO  no build target found for /home/udar/43602DTU/Chisel/src/main/scala/MotorDriver.scala. Using presentation compiler with project's scala-library version: 3.3.7[0m
2026.06.11 20:59:47 INFO  no build target found for /home/udar/43602DTU/Chisel/src/main/scala/MotorDriver.scala. Using presentation compiler with project's scala-library version: 3.3.7[0m
2026.06.11 20:59:47 INFO  no build target found for /home/udar/43602DTU/Chisel/src/main/scala/MotorDriver.scala. Using presentation compiler with project's scala-library version: 3.3.7[0m
2026.06.11 20:59:48 INFO  no build target found for /home/udar/43602DTU/Chisel/src/main/scala/MotorDriver.scala. Using presentation compiler with project's scala-library version: 3.3.7[0m
2026.06.11 20:59:48 INFO  no build target found for /home/udar/43602DTU/Chisel/src/main/scala/MotorDriver.scala. Using presentation compiler with project's scala-library version: 3.3.7[0m
2026.06.11 20:59:48 INFO  no build target found for /home/udar/43602DTU/Chisel/src/main/scala/MotorDriver.scala. Using presentation compiler with project's scala-library version: 3.3.7[0m
2026.06.11 20:59:48 INFO  no build target found for /home/udar/43602DTU/Chisel/src/main/scala/MotorDriver.scala. Using presentation compiler with project's scala-library version: 3.3.7[0m
2026.06.11 20:59:48 INFO  no build target found for /home/udar/43602DTU/Chisel/src/main/scala/MotorDriver.scala. Using presentation compiler with project's scala-library version: 3.3.7[0m
2026.06.11 20:59:48 INFO  no build target found for /home/udar/43602DTU/Chisel/src/main/scala/MotorDriver.scala. Using presentation compiler with project's scala-library version: 3.3.7[0m
2026.06.11 20:59:49 WARN  no build target for: /home/udar/43602DTU/Chisel/src/main/scala/MotorDriver.scala[0m
2026.06.11 20:59:49 INFO  no build target found for /home/udar/43602DTU/Chisel/src/main/scala/MotorDriver.scala. Using presentation compiler with project's scala-library version: 3.3.7[0m
2026.06.11 20:59:49 INFO  no build target found for /home/udar/43602DTU/Chisel/src/main/scala/MotorDriver.scala. Using presentation compiler with project's scala-library version: 3.3.7[0m
Jun 11, 2026 9:09:08 PM org.eclipse.lsp4j.jsonrpc.services.GenericEndpoint notify
INFO: Unsupported notification method: $/setTrace
2026.06.11 21:10:18 INFO  no build target found for /home/udar/43602DTU/Chisel/src/main/scala/MotorDriver.scala. Using presentation compiler with project's scala-library version: 3.3.7[0m
2026.06.11 21:10:18 INFO  no build target found for /home/udar/43602DTU/Chisel/src/main/scala/MotorDriver.scala. Using presentation compiler with project's scala-library version: 3.3.7[0m
2026.06.11 21:10:18 INFO  no build target found for /home/udar/43602DTU/Chisel/src/main/scala/MotorDriver.scala. Using presentation compiler with project's scala-library version: 3.3.7[0m
2026.06.11 21:10:18 INFO  no build target found for /home/udar/43602DTU/Chisel/src/main/scala/MotorDriver.scala. Using presentation compiler with project's scala-library version: 3.3.7[0m
2026.06.11 21:10:19 INFO  no build target found for /home/udar/43602DTU/Chisel/src/main/scala/MotorDriver.scala. Using presentation compiler with project's scala-library version: 3.3.7[0m
2026.06.11 21:10:20 INFO  no build target found for /home/udar/43602DTU/Chisel/src/main/scala/MotorDriver.scala. Using presentation compiler with project's scala-library version: 3.3.7[0m
2026.06.11 21:16:19 INFO  no build target found for /home/udar/43602DTU/Chisel/src/main/scala/MotorDriver.scala. Using presentation compiler with project's scala-library version: 3.3.7[0m
2026.06.11 21:24:55 INFO  no build target found for /home/udar/43602DTU/Chisel/src/main/scala/MotorDriver.scala. Using presentation compiler with project's scala-library version: 3.3.7[0m
2026.06.11 21:24:55 INFO  no build target found for /home/udar/43602DTU/Chisel/src/main/scala/MotorDriver.scala. Using presentation compiler with project's scala-library version: 3.3.7[0m
2026.06.11 21:24:57 INFO  no build target found for /home/udar/43602DTU/Chisel/src/main/scala/MotorDriver.scala. Using presentation compiler with project's scala-library version: 3.3.7[0m
2026.06.11 21:24:58 INFO  no build target found for /home/udar/43602DTU/Chisel/src/main/scala/MotorDriver.scala. Using presentation compiler with project's scala-library version: 3.3.7[0m
2026.06.11 21:24:58 INFO  no build target found for /home/udar/43602DTU/Chisel/src/main/scala/MotorDriver.scala. Using presentation compiler with project's scala-library version: 3.3.7[0m
2026.06.11 21:25:01 INFO  no build target found for /home/udar/43602DTU/Chisel/src/main/scala/MotorDriver.scala. Using presentation compiler with project's scala-library version: 3.3.7[0m
2026.06.11 21:25:55 INFO  no build target found for /home/udar/43602DTU/Chisel/src/main/scala/MotorDriver.scala. Using presentation compiler with project's scala-library version: 3.3.7[0m
2026.06.11 21:25:55 INFO  no build target found for /home/udar/43602DTU/Chisel/src/main/scala/MotorDriver.scala. Using presentation compiler with project's scala-library version: 3.3.7[0m
2026.06.11 21:32:44 INFO  no build target found for /home/udar/43602DTU/Chisel/src/main/scala/MotorDriver.scala. Using presentation compiler with project's scala-library version: 3.3.7[0m
2026.06.11 21:32:44 INFO  no build target found for /home/udar/43602DTU/Chisel/src/main/scala/MotorDriver.scala. Using presentation compiler with project's scala-library version: 3.3.7[0m
2026.06.11 21:32:45 INFO  no build target found for /home/udar/43602DTU/Chisel/src/main/scala/MotorDriver.scala. Using presentation compiler with project's scala-library version: 3.3.7[0m
2026.06.11 21:32:45 INFO  no build target found for /home/udar/43602DTU/Chisel/src/main/scala/MotorDriver.scala. Using presentation compiler with project's scala-library version: 3.3.7[0m
2026.06.11 21:39:51 INFO  Shutting down server[0m
2026.06.11 21:39:51 INFO  Memory monitor stopped[0m
2026.06.11 21:39:51 INFO  shutting down Metals[0m
2026.06.11 21:39:51 INFO  Exiting server[0m
2026.06.11 21:39:51 ERROR Unexpected error initializing server: 
org.eclipse.lsp4j.jsonrpc.ResponseErrorException: Request window/showMessageRequest failed with message: Canceled
	at org.eclipse.lsp4j.jsonrpc.RemoteEndpoint.handleResponse(RemoteEndpoint.java:214)
	at org.eclipse.lsp4j.jsonrpc.RemoteEndpoint.consume(RemoteEndpoint.java:198)
	at org.eclipse.lsp4j.jsonrpc.json.StreamMessageProducer.handleMessage(StreamMessageProducer.java:189)
	at org.eclipse.lsp4j.jsonrpc.json.StreamMessageProducer.listen(StreamMessageProducer.java:97)
	at org.eclipse.lsp4j.jsonrpc.json.ConcurrentMessageProcessor.run(ConcurrentMessageProcessor.java:97)
	at java.util.concurrent.Executors$RunnableAdapter.call(Executors.java:545)
	at java.util.concurrent.FutureTask.run(FutureTask.java:328)
	at java.util.concurrent.ThreadPoolExecutor.runWorker(ThreadPoolExecutor.java:1090)
	at java.util.concurrent.ThreadPoolExecutor$Worker.run(ThreadPoolExecutor.java:614)
	at java.lang.Thread.run(Thread.java:1474)
[0m
